Using pre-set license
Built from '2020.2/staging' branch; Version is '2020.2.7f1 (c53830e277f1) revision 12924976'; Using compiler version '192528614'; Build Type 'Release'
OS: 'Windows 10 Pro; OS build 19042.867; Version 2009; 64bit' Language: 'ru' Physical Memory: 16292 MB
BatchMode: 1, IsHumanControllingUs: 0, StartBugReporterOnCrash: 0, Is64bit: 1, IsPro: 0

 COMMAND LINE ARGUMENTS:
C:\Program Files\Unity\Hub\Editor\2020.2.7f1\Editor\Unity.exe
-adb2
-batchMode
-noUpm
-name
AssetImportWorker0
-projectPath
J:/UNITY/MY_PROJECTS/Glitch-Garden/Glitch Garden
-logFile
Logs/AssetImportWorker0.log
-srvPort
50953
Successfully changed project path to: J:/UNITY/MY_PROJECTS/Glitch-Garden/Glitch Garden
J:/UNITY/MY_PROJECTS/Glitch-Garden/Glitch Garden
Using Asset Import Pipeline V2.
Refreshing native plugins compatible for Editor in 27.86 ms, found 1 plugins.
Preloading 0 native plugins for Editor in 0.00 ms.
Initialize engine version: 2020.2.7f1 (c53830e277f1)
[Subsystems] Discovering subsystems at path C:/Program Files/Unity/Hub/Editor/2020.2.7f1/Editor/Data/Resources/UnitySubsystems
[Subsystems] Discovering subsystems at path J:/UNITY/MY_PROJECTS/Glitch-Garden/Glitch Garden/Assets
GfxDevice: creating device client; threaded=0
Direct3D:
    Version:  Direct3D 11.0 [level 11.1]
    Renderer: NVIDIA GeForce GTX 1660 SUPER (ID=0x21c4)
    Vendor:   
    VRAM:     5991 MB
    Driver:   27.21.14.6172
Initialize mono
Mono path[0] = 'C:/Program Files/Unity/Hub/Editor/2020.2.7f1/Editor/Data/Managed'
Mono path[1] = 'C:/Program Files/Unity/Hub/Editor/2020.2.7f1/Editor/Data/MonoBleedingEdge/lib/mono/unityjit'
Mono config path = 'C:/Program Files/Unity/Hub/Editor/2020.2.7f1/Editor/Data/MonoBleedingEdge/etc'
Using monoOptions --debugger-agent=transport=dt_socket,embedding=1,server=y,suspend=n,address=127.0.0.1:56308
Begin MonoManager ReloadAssembly
Registering precompiled unity dll's ...
Register platform support module: C:/Program Files/Unity/Hub/Editor/2020.2.7f1/Editor/Data/PlaybackEngines/WebGLSupport/UnityEditor.WebGL.Extensions.dll
Register platform support module: C:/Program Files/Unity/Hub/Editor/2020.2.7f1/Editor/Data/PlaybackEngines/WindowsStandaloneSupport/UnityEditor.WindowsStandalone.Extensions.dll
Registered in 0.001549 seconds.
Native extension for WindowsStandalone target not found
Native extension for WebGL target not found
Refreshing native plugins compatible for Editor in 32.18 ms, found 1 plugins.
Preloading 0 native plugins for Editor in 0.00 ms.
Invoked RoslynAnalysisRunner static constructor.
RoslynAnalysisRunner will not be running.
RoslynAnalysisRunner has terminated.
Mono: successfully reloaded assembly
- Completed reload, in  0.839 seconds
Platform modules already initialized, skipping
Registering precompiled user dll's ...
Registered in 0.000583 seconds.
Begin MonoManager ReloadAssembly
Native extension for WindowsStandalone target not found
Native extension for WebGL target not found
Refreshing native plugins compatible for Editor in 31.22 ms, found 1 plugins.
Preloading 0 native plugins for Editor in 0.00 ms.
Invoked RoslynAnalysisRunner static constructor.
RoslynAnalysisRunner will not be running.
RoslynAnalysisRunner has terminated.
Mono: successfully reloaded assembly
- Completed reload, in  0.745 seconds
Platform modules already initialized, skipping
========================================================================
Worker process is ready to serve import requests
Launched and connected shader compiler UnityShaderCompiler.exe after 0.02 seconds
Refreshing native plugins compatible for Editor in 0.33 ms, found 1 plugins.
Preloading 0 native plugins for Editor in 0.00 ms.
Unloading 1860 Unused Serialized files (Serialized files now loaded: 0)
System memory in use before: 100.1 MB.
System memory in use after: 100.1 MB.

Unloading 24 unused Assets to reduce memory usage. Loaded Objects now: 2322.
Total: 1.740500 ms (FindLiveObjects: 0.204800 ms CreateObjectMapping: 0.123400 ms MarkObjects: 1.300700 ms  DeleteObjects: 0.110200 ms)

========================================================================
Received Import Request.
  path: Assets/Scripts/DefenderSpawner.cs
  artifactKey: Guid(343fea3f5d2894a46ae25f5df6bfe820) Importer(815301076,1909f56bfc062723c751e8b465ee728b)
Start importing Assets/Scripts/DefenderSpawner.cs using Guid(343fea3f5d2894a46ae25f5df6bfe820) Importer(815301076,1909f56bfc062723c751e8b465ee728b)  -> (artifact id: 'f6a45cbf83777d933934669d966491fb') in 0.022423 seconds
  Import took 0.024788 seconds .

========================================================================
Received Import Request.
  Time since last request: 695.216148 seconds.
  path: Assets/Scripts/DefenderSpawner.cs
  artifactKey: Guid(343fea3f5d2894a46ae25f5df6bfe820) Importer(815301076,1909f56bfc062723c751e8b465ee728b)
Start importing Assets/Scripts/DefenderSpawner.cs using Guid(343fea3f5d2894a46ae25f5df6bfe820) Importer(815301076,1909f56bfc062723c751e8b465ee728b)  -> (artifact id: '6d33c7e9057006d190253549ae361807') in 0.001457 seconds
  Import took 0.004184 seconds .

========================================================================
Received Import Request.
  Time since last request: 0.068303 seconds.
  path: Assets/Scripts/DefenderSpawner.cs
  artifactKey: Guid(343fea3f5d2894a46ae25f5df6bfe820) Importer(815301076,1909f56bfc062723c751e8b465ee728b)
Start importing Assets/Scripts/DefenderSpawner.cs using Guid(343fea3f5d2894a46ae25f5df6bfe820) Importer(815301076,1909f56bfc062723c751e8b465ee728b)  -> (artifact id: '6d33c7e9057006d190253549ae361807') in 0.001592 seconds
  Import took 0.004120 seconds .

========================================================================
Received Prepare
Registering precompiled user dll's ...
Registered in 0.000531 seconds.
Begin MonoManager ReloadAssembly
Native extension for WindowsStandalone target not found
Native extension for WebGL target not found
Refreshing native plugins compatible for Editor in 0.29 ms, found 1 plugins.
Preloading 0 native plugins for Editor in 0.00 ms.
Invoked RoslynAnalysisRunner static constructor.
RoslynAnalysisRunner will not be running.
RoslynAnalysisRunner has terminated.
Mono: successfully reloaded assembly
- Completed reload, in  0.675 seconds
Platform modules already initialized, skipping
Refreshing native plugins compatible for Editor in 0.30 ms, found 1 plugins.
Preloading 0 native plugins for Editor in 0.00 ms.
Unloading 1842 Unused Serialized files (Serialized files now loaded: 0)
System memory in use before: 99.1 MB.
System memory in use after: 99.0 MB.

Unloading 12 unused Assets to reduce memory usage. Loaded Objects now: 2326.
Total: 1.603100 ms (FindLiveObjects: 0.162900 ms CreateObjectMapping: 0.078700 ms MarkObjects: 1.267100 ms  DeleteObjects: 0.093600 ms)

========================================================================
Received Prepare
Registering precompiled user dll's ...
Registered in 0.000564 seconds.
Begin MonoManager ReloadAssembly
Native extension for WindowsStandalone target not found
Native extension for WebGL target not found
Refreshing native plugins compatible for Editor in 0.30 ms, found 1 plugins.
Preloading 0 native plugins for Editor in 0.00 ms.
Invoked RoslynAnalysisRunner static constructor.
RoslynAnalysisRunner will not be running.
RoslynAnalysisRunner has terminated.
Mono: successfully reloaded assembly
- Completed reload, in  0.652 seconds
Platform modules already initialized, skipping
Refreshing native plugins compatible for Editor in 0.32 ms, found 1 plugins.
Preloading 0 native plugins for Editor in 0.00 ms.
Unloading 1842 Unused Serialized files (Serialized files now loaded: 0)
System memory in use before: 99.1 MB.
System memory in use after: 99.1 MB.

Unloading 12 unused Assets to reduce memory usage. Loaded Objects now: 2330.
Total: 1.476800 ms (FindLiveObjects: 0.141100 ms CreateObjectMapping: 0.057200 ms MarkObjects: 1.193200 ms  DeleteObjects: 0.084600 ms)

========================================================================
Received Import Request.
  Time since last request: 50.197046 seconds.
  path: Assets/Scripts/DefenderSpawner.cs
  artifactKey: Guid(343fea3f5d2894a46ae25f5df6bfe820) Importer(815301076,1909f56bfc062723c751e8b465ee728b)
Start importing Assets/Scripts/DefenderSpawner.cs using Guid(343fea3f5d2894a46ae25f5df6bfe820) Importer(815301076,1909f56bfc062723c751e8b465ee728b)  -> (artifact id: '7b0f932413f7ac57a160e8c1a22e5022') in 0.003072 seconds
  Import took 0.005208 seconds .

========================================================================
Received Prepare
Registering precompiled user dll's ...
Registered in 0.000593 seconds.
Begin MonoManager ReloadAssembly
Native extension for WindowsStandalone target not found
Native extension for WebGL target not found
Refreshing native plugins compatible for Editor in 0.29 ms, found 1 plugins.
Preloading 0 native plugins for Editor in 0.00 ms.
Invoked RoslynAnalysisRunner static constructor.
RoslynAnalysisRunner will not be running.
RoslynAnalysisRunner has terminated.
Mono: successfully reloaded assembly
- Completed reload, in  0.632 seconds
Platform modules already initialized, skipping
Refreshing native plugins compatible for Editor in 0.29 ms, found 1 plugins.
Preloading 0 native plugins for Editor in 0.00 ms.
Unloading 1842 Unused Serialized files (Serialized files now loaded: 0)
System memory in use before: 99.1 MB.
System memory in use after: 99.1 MB.

Unloading 12 unused Assets to reduce memory usage. Loaded Objects now: 2334.
Total: 1.596200 ms (FindLiveObjects: 0.166300 ms CreateObjectMapping: 0.071300 ms MarkObjects: 1.267800 ms  DeleteObjects: 0.090000 ms)

========================================================================
Received Prepare
Registering precompiled user dll's ...
Registered in 0.000554 seconds.
Begin MonoManager ReloadAssembly
Native extension for WindowsStandalone target not found
Native extension for WebGL target not found
Refreshing native plugins compatible for Editor in 0.29 ms, found 1 plugins.
Preloading 0 native plugins for Editor in 0.00 ms.
Invoked RoslynAnalysisRunner static constructor.
RoslynAnalysisRunner will not be running.
RoslynAnalysisRunner has terminated.
Mono: successfully reloaded assembly
- Completed reload, in  0.618 seconds
Platform modules already initialized, skipping
Refreshing native plugins compatible for Editor in 0.29 ms, found 1 plugins.
Preloading 0 native plugins for Editor in 0.00 ms.
Unloading 1842 Unused Serialized files (Serialized files now loaded: 0)
System memory in use before: 99.1 MB.
System memory in use after: 99.1 MB.

Unloading 12 unused Assets to reduce memory usage. Loaded Objects now: 2338.
Total: 1.489600 ms (FindLiveObjects: 0.146400 ms CreateObjectMapping: 0.060100 ms MarkObjects: 1.201700 ms  DeleteObjects: 0.080800 ms)

========================================================================
Received Import Request.
  Time since last request: 715.821299 seconds.
  path: Assets/Sprites/Cactus Idle.png
  artifactKey: Guid(cc3e99988bdd17f4899635fa840de4af) Importer(815301076,1909f56bfc062723c751e8b465ee728b)
Start importing Assets/Sprites/Cactus Idle.png using Guid(cc3e99988bdd17f4899635fa840de4af) Importer(815301076,1909f56bfc062723c751e8b465ee728b)  -> (artifact id: '22893d531035660dee9a3f322f0d9429') in 0.172751 seconds
  Import took 0.175212 seconds .

========================================================================
Received Import Request.
  Time since last request: 10.420392 seconds.
  path: Assets/Sprites/Cactus Looping.png
  artifactKey: Guid(5bf17f36235579c498ecf6fb92fad476) Importer(815301076,1909f56bfc062723c751e8b465ee728b)
Start importing Assets/Sprites/Cactus Looping.png using Guid(5bf17f36235579c498ecf6fb92fad476) Importer(815301076,1909f56bfc062723c751e8b465ee728b)  -> (artifact id: 'cadce2b970ee033d1c1a7bb70b9a75d7') in 0.167307 seconds
  Import took 0.169858 seconds .

========================================================================
Received Import Request.
  Time since last request: 313.437261 seconds.
  path: Assets/Prefab/Cactus1.prefab
  artifactKey: Guid(6e70464bea2db1741857faff70c309a4) Importer(815301076,1909f56bfc062723c751e8b465ee728b)
Start importing Assets/Prefab/Cactus1.prefab using Guid(6e70464bea2db1741857faff70c309a4) Importer(815301076,1909f56bfc062723c751e8b465ee728b)  -> (artifact id: '1cafa3c5e694a8bb68304833abc6d9f9') in 0.043097 seconds
  Import took 0.045947 seconds .

========================================================================
Received Import Request.
  Time since last request: 12.081203 seconds.
  path: Assets/Prefab/Cactus.prefab
  artifactKey: Guid(6e70464bea2db1741857faff70c309a4) Importer(815301076,1909f56bfc062723c751e8b465ee728b)
Start importing Assets/Prefab/Cactus.prefab using Guid(6e70464bea2db1741857faff70c309a4) Importer(815301076,1909f56bfc062723c751e8b465ee728b)  -> (artifact id: '87f07fc0a58882d5a74ca160bcc27bcd') in 0.015170 seconds
  Import took 0.017589 seconds .

========================================================================
Received Prepare
Registering precompiled user dll's ...
Registered in 0.000704 seconds.
Begin MonoManager ReloadAssembly
Native extension for WindowsStandalone target not found
Native extension for WebGL target not found
Refreshing native plugins compatible for Editor in 0.30 ms, found 1 plugins.
Preloading 0 native plugins for Editor in 0.00 ms.
Invoked RoslynAnalysisRunner static constructor.
RoslynAnalysisRunner will not be running.
RoslynAnalysisRunner has terminated.
Mono: successfully reloaded assembly
- Completed reload, in  0.625 seconds
Platform modules already initialized, skipping
Refreshing native plugins compatible for Editor in 0.29 ms, found 1 plugins.
Preloading 0 native plugins for Editor in 0.00 ms.
Unloading 1842 Unused Serialized files (Serialized files now loaded: 0)
System memory in use before: 102.3 MB.
System memory in use after: 102.3 MB.

Unloading 12 unused Assets to reduce memory usage. Loaded Objects now: 2354.
Total: 1.537200 ms (FindLiveObjects: 0.177500 ms CreateObjectMapping: 0.067100 ms MarkObjects: 1.207700 ms  DeleteObjects: 0.084100 ms)

========================================================================
Received Import Request.
  Time since last request: 166.799201 seconds.
  path: Assets/Prefab/Cactus.prefab
  artifactKey: Guid(6e70464bea2db1741857faff70c309a4) Importer(815301076,1909f56bfc062723c751e8b465ee728b)
Start importing Assets/Prefab/Cactus.prefab using Guid(6e70464bea2db1741857faff70c309a4) Importer(815301076,1909f56bfc062723c751e8b465ee728b)  -> (artifact id: 'e0f22af454e26fa1d90c479063748ecb') in 0.047410 seconds
  Import took 0.049874 seconds .

========================================================================
Received Prepare
Registering precompiled user dll's ...
Registered in 0.000526 seconds.
Begin MonoManager ReloadAssembly
Native extension for WindowsStandalone target not found
Native extension for WebGL target not found
Refreshing native plugins compatible for Editor in 0.29 ms, found 1 plugins.
Preloading 0 native plugins for Editor in 0.00 ms.
Invoked RoslynAnalysisRunner static constructor.
RoslynAnalysisRunner will not be running.
RoslynAnalysisRunner has terminated.
Mono: successfully reloaded assembly
- Completed reload, in  0.612 seconds
Platform modules already initialized, skipping
Refreshing native plugins compatible for Editor in 0.30 ms, found 1 plugins.
Preloading 0 native plugins for Editor in 0.00 ms.
Unloading 1842 Unused Serialized files (Serialized files now loaded: 0)
System memory in use before: 102.3 MB.
System memory in use after: 102.3 MB.

Unloading 12 unused Assets to reduce memory usage. Loaded Objects now: 2359.
Total: 1.538900 ms (FindLiveObjects: 0.136400 ms CreateObjectMapping: 0.054400 ms MarkObjects: 1.263700 ms  DeleteObjects: 0.083600 ms)

========================================================================
Received Import Request.
  Time since last request: 5.747335 seconds.
  path: Assets/Prefab/Cactus.prefab
  artifactKey: Guid(6e70464bea2db1741857faff70c309a4) Importer(815301076,1909f56bfc062723c751e8b465ee728b)
Start importing Assets/Prefab/Cactus.prefab using Guid(6e70464bea2db1741857faff70c309a4) Importer(815301076,1909f56bfc062723c751e8b465ee728b)  -> (artifact id: 'c27b1d0b1f71152faf517810848f02bb') in 0.045049 seconds
  Import took 0.047442 seconds .

========================================================================
Received Prepare
Registering precompiled user dll's ...
Registered in 0.000854 seconds.
Begin MonoManager ReloadAssembly
Native extension for WindowsStandalone target not found
Native extension for WebGL target not found
Refreshing native plugins compatible for Editor in 0.30 ms, found 1 plugins.
Preloading 0 native plugins for Editor in 0.00 ms.
Invoked RoslynAnalysisRunner static constructor.
RoslynAnalysisRunner will not be running.
RoslynAnalysisRunner has terminated.
Mono: successfully reloaded assembly
- Completed reload, in  0.734 seconds
Platform modules already initialized, skipping
Refreshing native plugins compatible for Editor in 0.34 ms, found 1 plugins.
Preloading 0 native plugins for Editor in 0.00 ms.
Unloading 1842 Unused Serialized files (Serialized files now loaded: 0)
System memory in use before: 102.3 MB.
System memory in use after: 102.3 MB.

Unloading 12 unused Assets to reduce memory usage. Loaded Objects now: 2364.
Total: 2.054800 ms (FindLiveObjects: 0.228800 ms CreateObjectMapping: 0.108900 ms MarkObjects: 1.580800 ms  DeleteObjects: 0.135500 ms)

========================================================================
Received Prepare
Registering precompiled user dll's ...
Registered in 0.000600 seconds.
Begin MonoManager ReloadAssembly
Native extension for WindowsStandalone target not found
Native extension for WebGL target not found
Refreshing native plugins compatible for Editor in 0.30 ms, found 1 plugins.
Preloading 0 native plugins for Editor in 0.00 ms.
Invoked RoslynAnalysisRunner static constructor.
RoslynAnalysisRunner will not be running.
RoslynAnalysisRunner has terminated.
Mono: successfully reloaded assembly
- Completed reload, in  0.643 seconds
Platform modules already initialized, skipping
Refreshing native plugins compatible for Editor in 0.30 ms, found 1 plugins.
Preloading 0 native plugins for Editor in 0.00 ms.
Unloading 1842 Unused Serialized files (Serialized files now loaded: 0)
System memory in use before: 102.4 MB.
System memory in use after: 102.3 MB.

Unloading 12 unused Assets to reduce memory usage. Loaded Objects now: 2368.
Total: 1.610500 ms (FindLiveObjects: 0.202000 ms CreateObjectMapping: 0.070500 ms MarkObjects: 1.249700 ms  DeleteObjects: 0.087500 ms)

========================================================================
Received Prepare
Registering precompiled user dll's ...
Registered in 0.000588 seconds.
Begin MonoManager ReloadAssembly
Native extension for WindowsStandalone target not found
Native extension for WebGL target not found
Refreshing native plugins compatible for Editor in 0.29 ms, found 1 plugins.
Preloading 0 native plugins for Editor in 0.00 ms.
Invoked RoslynAnalysisRunner static constructor.
RoslynAnalysisRunner will not be running.
RoslynAnalysisRunner has terminated.
Mono: successfully reloaded assembly
- Completed reload, in  0.636 seconds
Platform modules already initialized, skipping
Refreshing native plugins compatible for Editor in 0.32 ms, found 1 plugins.
Preloading 0 native plugins for Editor in 0.00 ms.
Unloading 1842 Unused Serialized files (Serialized files now loaded: 0)
System memory in use before: 102.5 MB.
System memory in use after: 102.4 MB.

Unloading 12 unused Assets to reduce memory usage. Loaded Objects now: 2372.
Total: 1.646400 ms (FindLiveObjects: 0.214500 ms CreateObjectMapping: 0.092800 ms MarkObjects: 1.251700 ms  DeleteObjects: 0.086800 ms)

========================================================================
Received Prepare
Registering precompiled user dll's ...
Registered in 0.000607 seconds.
Begin MonoManager ReloadAssembly
Native extension for WindowsStandalone target not found
Native extension for WebGL target not found
Refreshing native plugins compatible for Editor in 0.29 ms, found 1 plugins.
Preloading 0 native plugins for Editor in 0.00 ms.
Invoked RoslynAnalysisRunner static constructor.
RoslynAnalysisRunner will not be running.
RoslynAnalysisRunner has terminated.
Mono: successfully reloaded assembly
- Completed reload, in  0.624 seconds
Platform modules already initialized, skipping
Refreshing native plugins compatible for Editor in 0.29 ms, found 1 plugins.
Preloading 0 native plugins for Editor in 0.00 ms.
Unloading 1842 Unused Serialized files (Serialized files now loaded: 0)
System memory in use before: 102.5 MB.
System memory in use after: 102.5 MB.

Unloading 12 unused Assets to reduce memory usage. Loaded Objects now: 2376.
Total: 1.703000 ms (FindLiveObjects: 0.246200 ms CreateObjectMapping: 0.116500 ms MarkObjects: 1.259300 ms  DeleteObjects: 0.080300 ms)

========================================================================
Received Import Request.
  Time since last request: 434.476774 seconds.
  path: Assets/New Terrain.asset
  artifactKey: Guid(e6ec1e12b6d45714cbb2a27fdaa1012b) Importer(815301076,1909f56bfc062723c751e8b465ee728b)
Start importing Assets/New Terrain.asset using Guid(e6ec1e12b6d45714cbb2a27fdaa1012b) Importer(815301076,1909f56bfc062723c751e8b465ee728b)  -> (artifact id: 'deec81dcca2f1ca5371fb3350db93ad1') in 0.016595 seconds
  Import took 0.019351 seconds .

========================================================================
Received Import Request.
  Time since last request: 10.598785 seconds.
  path: Assets/Materials
  artifactKey: Guid(73c13c17041606a46a5c3655c5dfd3cf) Importer(815301076,1909f56bfc062723c751e8b465ee728b)
Start importing Assets/Materials using Guid(73c13c17041606a46a5c3655c5dfd3cf) Importer(815301076,1909f56bfc062723c751e8b465ee728b)  -> (artifact id: '3eb1da278746e51c6076979e6d07bfac') in 0.004271 seconds
  Import took 0.007129 seconds .

========================================================================
Received Import Request.
  Time since last request: 0.000310 seconds.
  path: Assets/Materials
  artifactKey: Guid(73c13c17041606a46a5c3655c5dfd3cf) Importer(815301076,1909f56bfc062723c751e8b465ee728b)
Start importing Assets/Materials using Guid(73c13c17041606a46a5c3655c5dfd3cf) Importer(815301076,1909f56bfc062723c751e8b465ee728b)  -> (artifact id: '3eb1da278746e51c6076979e6d07bfac') in 0.001259 seconds
  Import took 0.003684 seconds .

========================================================================
Received Prepare
Registering precompiled user dll's ...
Registered in 0.005416 seconds.
Begin MonoManager ReloadAssembly
Native extension for WindowsStandalone target not found
Native extension for WebGL target not found
Refreshing native plugins compatible for Editor in 0.31 ms, found 1 plugins.
Preloading 0 native plugins for Editor in 0.00 ms.
Invoked RoslynAnalysisRunner static constructor.
RoslynAnalysisRunner will not be running.
RoslynAnalysisRunner has terminated.
Mono: successfully reloaded assembly
- Completed reload, in  0.693 seconds
Platform modules already initialized, skipping
Refreshing native plugins compatible for Editor in 0.31 ms, found 1 plugins.
Preloading 0 native plugins for Editor in 0.00 ms.
Unloading 1842 Unused Serialized files (Serialized files now loaded: 0)
System memory in use before: 102.5 MB.
System memory in use after: 102.5 MB.

Unloading 12 unused Assets to reduce memory usage. Loaded Objects now: 2380.
Total: 2.037200 ms (FindLiveObjects: 0.242500 ms CreateObjectMapping: 0.131900 ms MarkObjects: 1.543200 ms  DeleteObjects: 0.119000 ms)

========================================================================
Received Prepare
Registering precompiled user dll's ...
Registered in 0.000526 seconds.
Begin MonoManager ReloadAssembly
Native extension for WindowsStandalone target not found
Native extension for WebGL target not found
Refreshing native plugins compatible for Editor in 0.30 ms, found 1 plugins.
Preloading 0 native plugins for Editor in 0.00 ms.
Invoked RoslynAnalysisRunner static constructor.
RoslynAnalysisRunner will not be running.
RoslynAnalysisRunner has terminated.
Mono: successfully reloaded assembly
- Completed reload, in  0.645 seconds
Platform modules already initialized, skipping
Refreshing native plugins compatible for Editor in 0.30 ms, found 1 plugins.
Preloading 0 native plugins for Editor in 0.00 ms.
Unloading 1842 Unused Serialized files (Serialized files now loaded: 0)
System memory in use before: 102.5 MB.
System memory in use after: 102.5 MB.

Unloading 12 unused Assets to reduce memory usage. Loaded Objects now: 2384.
Total: 1.607500 ms (FindLiveObjects: 0.180200 ms CreateObjectMapping: 0.071000 ms MarkObjects: 1.262600 ms  DeleteObjects: 0.092600 ms)

========================================================================
Received Prepare
Registering precompiled user dll's ...
Registered in 0.000875 seconds.
Begin MonoManager ReloadAssembly
Native extension for WindowsStandalone target not found
Native extension for WebGL target not found
Refreshing native plugins compatible for Editor in 0.30 ms, found 1 plugins.
Preloading 0 native plugins for Editor in 0.00 ms.
Invoked RoslynAnalysisRunner static constructor.
RoslynAnalysisRunner will not be running.
RoslynAnalysisRunner has terminated.
Mono: successfully reloaded assembly
- Completed reload, in  0.662 seconds
Platform modules already initialized, skipping
Refreshing native plugins compatible for Editor in 0.29 ms, found 1 plugins.
Preloading 0 native plugins for Editor in 0.00 ms.
Unloading 1843 Unused Serialized files (Serialized files now loaded: 0)
System memory in use before: 102.5 MB.
System memory in use after: 102.5 MB.

Unloading 12 unused Assets to reduce memory usage. Loaded Objects now: 2389.
Total: 1.711800 ms (FindLiveObjects: 0.152000 ms CreateObjectMapping: 0.063000 ms MarkObjects: 1.398100 ms  DeleteObjects: 0.098100 ms)

========================================================================
Received Prepare
Registering precompiled user dll's ...
Registered in 0.000561 seconds.
Begin MonoManager ReloadAssembly
Native extension for WindowsStandalone target not found
Native extension for WebGL target not found
Refreshing native plugins compatible for Editor in 0.32 ms, found 1 plugins.
Preloading 0 native plugins for Editor in 0.00 ms.
Invoked RoslynAnalysisRunner static constructor.
RoslynAnalysisRunner will not be running.
RoslynAnalysisRunner has terminated.
Mono: successfully reloaded assembly
- Completed reload, in  0.660 seconds
Platform modules already initialized, skipping
Refreshing native plugins compatible for Editor in 0.30 ms, found 1 plugins.
Preloading 0 native plugins for Editor in 0.00 ms.
Unloading 1843 Unused Serialized files (Serialized files now loaded: 0)
System memory in use before: 102.5 MB.
System memory in use after: 102.5 MB.

Unloading 12 unused Assets to reduce memory usage. Loaded Objects now: 2393.
Total: 1.814500 ms (FindLiveObjects: 0.237000 ms CreateObjectMapping: 0.086700 ms MarkObjects: 1.394700 ms  DeleteObjects: 0.094800 ms)

========================================================================
Received Import Request.
  Time since last request: 9435.758093 seconds.
  path: Assets/Scripts/DefenderButton.cs
  artifactKey: Guid(4d7c23277d2edc64983c7f95edaaed02) Importer(815301076,1909f56bfc062723c751e8b465ee728b)
Start importing Assets/Scripts/DefenderButton.cs using Guid(4d7c23277d2edc64983c7f95edaaed02) Importer(815301076,1909f56bfc062723c751e8b465ee728b)  -> (artifact id: '69f78aff12eeb51056ce1ba40980c997') in 0.006438 seconds
  Import took 0.012313 seconds .

========================================================================
Received Prepare
Registering precompiled user dll's ...
Registered in 0.000565 seconds.
Begin MonoManager ReloadAssembly
Native extension for WindowsStandalone target not found
Native extension for WebGL target not found
Refreshing native plugins compatible for Editor in 0.29 ms, found 1 plugins.
Preloading 0 native plugins for Editor in 0.00 ms.
Invoked RoslynAnalysisRunner static constructor.
RoslynAnalysisRunner will not be running.
RoslynAnalysisRunner has terminated.
Mono: successfully reloaded assembly
- Completed reload, in  0.636 seconds
Platform modules already initialized, skipping
Refreshing native plugins compatible for Editor in 0.29 ms, found 1 plugins.
Preloading 0 native plugins for Editor in 0.00 ms.
Unloading 1843 Unused Serialized files (Serialized files now loaded: 0)
System memory in use before: 102.5 MB.
System memory in use after: 102.5 MB.

Unloading 12 unused Assets to reduce memory usage. Loaded Objects now: 2397.
Total: 1.577500 ms (FindLiveObjects: 0.156700 ms CreateObjectMapping: 0.062200 ms MarkObjects: 1.276100 ms  DeleteObjects: 0.081900 ms)

========================================================================
Received Prepare
Registering precompiled user dll's ...
Registered in 0.000575 seconds.
Begin MonoManager ReloadAssembly
Native extension for WindowsStandalone target not found
Native extension for WebGL target not found
Refreshing native plugins compatible for Editor in 0.30 ms, found 1 plugins.
Preloading 0 native plugins for Editor in 0.00 ms.
Invoked RoslynAnalysisRunner static constructor.
RoslynAnalysisRunner will not be running.
RoslynAnalysisRunner has terminated.
Mono: successfully reloaded assembly
- Completed reload, in  0.627 seconds
Platform modules already initialized, skipping
Refreshing native plugins compatible for Editor in 0.29 ms, found 1 plugins.
Preloading 0 native plugins for Editor in 0.00 ms.
Unloading 1843 Unused Serialized files (Serialized files now loaded: 0)
System memory in use before: 102.5 MB.
System memory in use after: 102.5 MB.

Unloading 12 unused Assets to reduce memory usage. Loaded Objects now: 2401.
Total: 1.614500 ms (FindLiveObjects: 0.155100 ms CreateObjectMapping: 0.068000 ms MarkObjects: 1.296200 ms  DeleteObjects: 0.094300 ms)

========================================================================
Received Prepare
Registering precompiled user dll's ...
Registered in 0.000932 seconds.
Begin MonoManager ReloadAssembly
Native extension for WindowsStandalone target not found
Native extension for WebGL target not found
Refreshing native plugins compatible for Editor in 0.29 ms, found 1 plugins.
Preloading 0 native plugins for Editor in 0.00 ms.
Invoked RoslynAnalysisRunner static constructor.
RoslynAnalysisRunner will not be running.
RoslynAnalysisRunner has terminated.
Mono: successfully reloaded assembly
- Completed reload, in  0.616 seconds
Platform modules already initialized, skipping
Refreshing native plugins compatible for Editor in 0.32 ms, found 1 plugins.
Preloading 0 native plugins for Editor in 0.00 ms.
Unloading 1843 Unused Serialized files (Serialized files now loaded: 0)
System memory in use before: 102.6 MB.
System memory in use after: 102.5 MB.

Unloading 12 unused Assets to reduce memory usage. Loaded Objects now: 2405.
Total: 1.621300 ms (FindLiveObjects: 0.209600 ms CreateObjectMapping: 0.079600 ms MarkObjects: 1.246500 ms  DeleteObjects: 0.084900 ms)

========================================================================
Received Prepare
Registering precompiled user dll's ...
Registered in 0.000542 seconds.
Begin MonoManager ReloadAssembly
Native extension for WindowsStandalone target not found
Native extension for WebGL target not found
Refreshing native plugins compatible for Editor in 0.32 ms, found 1 plugins.
Preloading 0 native plugins for Editor in 0.00 ms.
Invoked RoslynAnalysisRunner static constructor.
RoslynAnalysisRunner will not be running.
RoslynAnalysisRunner has terminated.
Mono: successfully reloaded assembly
- Completed reload, in  0.610 seconds
Platform modules already initialized, skipping
Refreshing native plugins compatible for Editor in 0.29 ms, found 1 plugins.
Preloading 0 native plugins for Editor in 0.00 ms.
Unloading 1843 Unused Serialized files (Serialized files now loaded: 0)
System memory in use before: 102.6 MB.
System memory in use after: 102.6 MB.

Unloading 12 unused Assets to reduce memory usage. Loaded Objects now: 2409.
Total: 1.736100 ms (FindLiveObjects: 0.167000 ms CreateObjectMapping: 0.064600 ms MarkObjects: 1.414600 ms  DeleteObjects: 0.089100 ms)

========================================================================
Received Import Request.
  Time since last request: 2232.455430 seconds.
  path: Assets/Scripts/Defender.cs
  artifactKey: Guid(e05afa993e0c0d64b93a5ec868cac113) Importer(815301076,1909f56bfc062723c751e8b465ee728b)
Start importing Assets/Scripts/Defender.cs using Guid(e05afa993e0c0d64b93a5ec868cac113) Importer(815301076,1909f56bfc062723c751e8b465ee728b)  -> (artifact id: 'b4f95823b6aebeba2c80d8d2fe1fa680') in 0.006196 seconds
  Import took 0.012910 seconds .

========================================================================
Received Import Request.
  Time since last request: 0.000923 seconds.
  path: Assets/Scripts/Defender.cs
  artifactKey: Guid(e05afa993e0c0d64b93a5ec868cac113) Importer(815301076,1909f56bfc062723c751e8b465ee728b)
Start importing Assets/Scripts/Defender.cs using Guid(e05afa993e0c0d64b93a5ec868cac113) Importer(815301076,1909f56bfc062723c751e8b465ee728b)  -> (artifact id: 'b4f95823b6aebeba2c80d8d2fe1fa680') in 0.001230 seconds
  Import took 0.003600 seconds .

========================================================================
Received Prepare
Registering precompiled user dll's ...
Registered in 0.000523 seconds.
Begin MonoManager ReloadAssembly
Native extension for WindowsStandalone target not found
Native extension for WebGL target not found
Refreshing native plugins compatible for Editor in 0.29 ms, found 1 plugins.
Preloading 0 native plugins for Editor in 0.00 ms.
Invoked RoslynAnalysisRunner static constructor.
RoslynAnalysisRunner will not be running.
RoslynAnalysisRunner has terminated.
Mono: successfully reloaded assembly
- Completed reload, in  0.644 seconds
Platform modules already initialized, skipping
Refreshing native plugins compatible for Editor in 0.30 ms, found 1 plugins.
Preloading 0 native plugins for Editor in 0.00 ms.
Unloading 1844 Unused Serialized files (Serialized files now loaded: 0)
System memory in use before: 102.6 MB.
System memory in use after: 102.6 MB.

Unloading 12 unused Assets to reduce memory usage. Loaded Objects now: 2414.
Total: 1.527800 ms (FindLiveObjects: 0.140900 ms CreateObjectMapping: 0.053100 ms MarkObjects: 1.249800 ms  DeleteObjects: 0.083400 ms)

========================================================================
Received Prepare
Registering precompiled user dll's ...
Registered in 0.000844 seconds.
Begin MonoManager ReloadAssembly
Native extension for WindowsStandalone target not found
Native extension for WebGL target not found
Refreshing native plugins compatible for Editor in 0.37 ms, found 1 plugins.
Preloading 0 native plugins for Editor in 0.00 ms.
Invoked RoslynAnalysisRunner static constructor.
RoslynAnalysisRunner will not be running.
RoslynAnalysisRunner has terminated.
Mono: successfully reloaded assembly
- Completed reload, in  0.621 seconds
Platform modules already initialized, skipping
Refreshing native plugins compatible for Editor in 0.29 ms, found 1 plugins.
Preloading 0 native plugins for Editor in 0.00 ms.
Unloading 1844 Unused Serialized files (Serialized files now loaded: 0)
System memory in use before: 102.6 MB.
System memory in use after: 102.6 MB.

Unloading 12 unused Assets to reduce memory usage. Loaded Objects now: 2418.
Total: 1.650900 ms (FindLiveObjects: 0.175200 ms CreateObjectMapping: 0.072500 ms MarkObjects: 1.316700 ms  DeleteObjects: 0.085900 ms)

========================================================================
Received Import Request.
  Time since last request: 89.695508 seconds.
  path: Assets/Scripts/Defender.cs
  artifactKey: Guid(e05afa993e0c0d64b93a5ec868cac113) Importer(815301076,1909f56bfc062723c751e8b465ee728b)
Start importing Assets/Scripts/Defender.cs using Guid(e05afa993e0c0d64b93a5ec868cac113) Importer(815301076,1909f56bfc062723c751e8b465ee728b)  -> (artifact id: 'aad433ffe81947d2fd438720f587d26d') in 0.003256 seconds
  Import took 0.009043 seconds .

========================================================================
Received Prepare
Registering precompiled user dll's ...
Registered in 0.000527 seconds.
Begin MonoManager ReloadAssembly
Native extension for WindowsStandalone target not found
Native extension for WebGL target not found
Refreshing native plugins compatible for Editor in 0.30 ms, found 1 plugins.
Preloading 0 native plugins for Editor in 0.00 ms.
Invoked RoslynAnalysisRunner static constructor.
RoslynAnalysisRunner will not be running.
RoslynAnalysisRunner has terminated.
Mono: successfully reloaded assembly
- Completed reload, in  0.629 seconds
Platform modules already initialized, skipping
Refreshing native plugins compatible for Editor in 0.29 ms, found 1 plugins.
Preloading 0 native plugins for Editor in 0.00 ms.
Unloading 1844 Unused Serialized files (Serialized files now loaded: 0)
System memory in use before: 102.6 MB.
System memory in use after: 102.6 MB.

Unloading 12 unused Assets to reduce memory usage. Loaded Objects now: 2422.
Total: 1.526000 ms (FindLiveObjects: 0.200500 ms CreateObjectMapping: 0.059200 ms MarkObjects: 1.182200 ms  DeleteObjects: 0.083600 ms)

========================================================================
Received Prepare
Registering precompiled user dll's ...
Registered in 0.000656 seconds.
Begin MonoManager ReloadAssembly
Native extension for WindowsStandalone target not found
Native extension for WebGL target not found
Refreshing native plugins compatible for Editor in 0.29 ms, found 1 plugins.
Preloading 0 native plugins for Editor in 0.00 ms.
Invoked RoslynAnalysisRunner static constructor.
RoslynAnalysisRunner will not be running.
RoslynAnalysisRunner has terminated.
Mono: successfully reloaded assembly
- Completed reload, in  0.648 seconds
Platform modules already initialized, skipping
Refreshing native plugins compatible for Editor in 0.30 ms, found 1 plugins.
Preloading 0 native plugins for Editor in 0.00 ms.
Unloading 1844 Unused Serialized files (Serialized files now loaded: 0)
System memory in use before: 102.6 MB.
System memory in use after: 102.6 MB.

Unloading 12 unused Assets to reduce memory usage. Loaded Objects now: 2426.
Total: 1.683000 ms (FindLiveObjects: 0.157100 ms CreateObjectMapping: 0.066300 ms MarkObjects: 1.358400 ms  DeleteObjects: 0.100400 ms)

========================================================================
Received Prepare
Registering precompiled user dll's ...
Registered in 0.000554 seconds.
Begin MonoManager ReloadAssembly
Native extension for WindowsStandalone target not found
Native extension for WebGL target not found
Refreshing native plugins compatible for Editor in 0.32 ms, found 1 plugins.
Preloading 0 native plugins for Editor in 0.00 ms.
Invoked RoslynAnalysisRunner static constructor.
RoslynAnalysisRunner will not be running.
RoslynAnalysisRunner has terminated.
Mono: successfully reloaded assembly
- Completed reload, in  0.726 seconds
Platform modules already initialized, skipping
Refreshing native plugins compatible for Editor in 0.32 ms, found 1 plugins.
Preloading 0 native plugins for Editor in 0.00 ms.
Unloading 1844 Unused Serialized files (Serialized files now loaded: 0)
System memory in use before: 102.6 MB.
System memory in use after: 102.6 MB.

Unloading 12 unused Assets to reduce memory usage. Loaded Objects now: 2430.
Total: 1.872600 ms (FindLiveObjects: 0.272100 ms CreateObjectMapping: 0.124900 ms MarkObjects: 1.371800 ms  DeleteObjects: 0.102800 ms)

========================================================================
Received Import Request.
  Time since last request: 1277.158001 seconds.
  path: Assets/TextMesh Pro/Examples & Extras/Resources/Fonts & Materials/Anton SDF - Drop Shadow.mat
  artifactKey: Guid(749b9069dc4742c5bfa5c74644049926) Importer(815301076,1909f56bfc062723c751e8b465ee728b)
Start importing Assets/TextMesh Pro/Examples & Extras/Resources/Fonts & Materials/Anton SDF - Drop Shadow.mat using Guid(749b9069dc4742c5bfa5c74644049926) Importer(815301076,1909f56bfc062723c751e8b465ee728b)  -> (artifact id: '025d2967cdf77779d03316614e841824') in 0.157677 seconds
  Import took 0.161055 seconds .

========================================================================
Received Import Request.
  Time since last request: 0.000142 seconds.
  path: Assets/TextMesh Pro/Examples & Extras/Resources/Fonts & Materials/Anton SDF.asset
  artifactKey: Guid(8a89fa14b10d46a99122fd4f73fca9a2) Importer(815301076,1909f56bfc062723c751e8b465ee728b)
Start importing Assets/TextMesh Pro/Examples & Extras/Resources/Fonts & Materials/Anton SDF.asset using Guid(8a89fa14b10d46a99122fd4f73fca9a2) Importer(815301076,1909f56bfc062723c751e8b465ee728b)  -> (artifact id: '345cab2d62a487ba1dcf62cd1d6c8d23') in 0.037798 seconds
  Import took 0.041163 seconds .

========================================================================
Received Import Request.
  Time since last request: 0.000126 seconds.
  path: Assets/Fonts/Babydoo SDF.asset
  artifactKey: Guid(b83979d4010c8fb4d83ee1bbe539ed69) Importer(815301076,1909f56bfc062723c751e8b465ee728b)
Start importing Assets/Fonts/Babydoo SDF.asset using Guid(b83979d4010c8fb4d83ee1bbe539ed69) Importer(815301076,1909f56bfc062723c751e8b465ee728b)  -> (artifact id: 'd6ec89a14c9ec75724815d6460b841c1') in 0.031593 seconds
  Import took 0.034165 seconds .

========================================================================
Received Import Request.
  Time since last request: 0.000316 seconds.
  path: Assets/TextMesh Pro/Examples & Extras/Resources/Fonts & Materials/Electronic Highway Sign SDF.asset
  artifactKey: Guid(dc36b3fdc14f47ebb36fd484a67e268a) Importer(815301076,1909f56bfc062723c751e8b465ee728b)
Start importing Assets/TextMesh Pro/Examples & Extras/Resources/Fonts & Materials/Electronic Highway Sign SDF.asset using Guid(dc36b3fdc14f47ebb36fd484a67e268a) Importer(815301076,1909f56bfc062723c751e8b465ee728b)  -> (artifact id: '7b200e3bf752cfff8dc75e04a8df7607') in 0.020295 seconds
  Import took 0.022635 seconds .

========================================================================
Received Import Request.
  Time since last request: 0.000111 seconds.
  path: Assets/TextMesh Pro/Examples & Extras/Resources/Fonts & Materials/Anton SDF - Drop Shadow.mat
  artifactKey: Guid(749b9069dc4742c5bfa5c74644049926) Importer(815301076,1909f56bfc062723c751e8b465ee728b)
Start importing Assets/TextMesh Pro/Examples & Extras/Resources/Fonts & Materials/Anton SDF - Drop Shadow.mat using Guid(749b9069dc4742c5bfa5c74644049926) Importer(815301076,1909f56bfc062723c751e8b465ee728b)  -> (artifact id: '025d2967cdf77779d03316614e841824') in 0.006108 seconds
  Import took 0.008521 seconds .

========================================================================
Received Import Request.
  Time since last request: 0.000176 seconds.
  path: Assets/TextMesh Pro/Examples & Extras/Resources/Fonts & Materials/Bangers SDF - Outline.mat
  artifactKey: Guid(f629c6e43dba4bf38cb74d8860150664) Importer(815301076,1909f56bfc062723c751e8b465ee728b)
Start importing Assets/TextMesh Pro/Examples & Extras/Resources/Fonts & Materials/Bangers SDF - Outline.mat using Guid(f629c6e43dba4bf38cb74d8860150664) Importer(815301076,1909f56bfc062723c751e8b465ee728b)  -> (artifact id: '3546fcf7bbf48d6dd35c7343730a5bc7') in 0.053318 seconds
  Import took 0.055853 seconds .

========================================================================
Received Import Request.
  Time since last request: 0.000110 seconds.
  path: Assets/TextMesh Pro/Examples & Extras/Resources/Fonts & Materials/Anton SDF - Sunny Days.mat
  artifactKey: Guid(6522f30e342599e4e9dd4cc2cc03c830) Importer(815301076,1909f56bfc062723c751e8b465ee728b)
Start importing Assets/TextMesh Pro/Examples & Extras/Resources/Fonts & Materials/Anton SDF - Sunny Days.mat using Guid(6522f30e342599e4e9dd4cc2cc03c830) Importer(815301076,1909f56bfc062723c751e8b465ee728b)  -> (artifact id: 'c727bbd35d86ab0e36b7ba47132091e5') in 0.027141 seconds
  Import took 0.030268 seconds .

========================================================================
Received Import Request.
  Time since last request: 0.000110 seconds.
  path: Assets/TextMesh Pro/Examples & Extras/Resources/Fonts & Materials/Bangers SDF.asset
  artifactKey: Guid(125cb55b44b24c4393181402bc6200e6) Importer(815301076,1909f56bfc062723c751e8b465ee728b)
Start importing Assets/TextMesh Pro/Examples & Extras/Resources/Fonts & Materials/Bangers SDF.asset using Guid(125cb55b44b24c4393181402bc6200e6) Importer(815301076,1909f56bfc062723c751e8b465ee728b)  -> (artifact id: '32d6caf28e699027a55703432b1a5c3c') in 0.013945 seconds
  Import took 0.017056 seconds .

========================================================================
Received Import Request.
  Time since last request: 0.000152 seconds.
  path: Assets/TextMesh Pro/Examples & Extras/Materials/Crate - Surface Shader Scene.mat
  artifactKey: Guid(e6b9b44320f4448d9d5e0ee634259966) Importer(815301076,1909f56bfc062723c751e8b465ee728b)
Start importing Assets/TextMesh Pro/Examples & Extras/Materials/Crate - Surface Shader Scene.mat using Guid(e6b9b44320f4448d9d5e0ee634259966) Importer(815301076,1909f56bfc062723c751e8b465ee728b)  -> (artifact id: 'bd5d5e264f5a481ac9cb7511ad61368f') in 0.223003 seconds
  Import took 0.226183 seconds .

========================================================================
Received Import Request.
  Time since last request: 0.000159 seconds.
  path: Assets/TextMesh Pro/Examples & Extras/Resources/Fonts & Materials/Bangers SDF - Drop Shadow.mat
  artifactKey: Guid(f2dcf029949142e28b974630369c8b4e) Importer(815301076,1909f56bfc062723c751e8b465ee728b)
Start importing Assets/TextMesh Pro/Examples & Extras/Resources/Fonts & Materials/Bangers SDF - Drop Shadow.mat using Guid(f2dcf029949142e28b974630369c8b4e) Importer(815301076,1909f56bfc062723c751e8b465ee728b)  -> (artifact id: 'aac42d6c6eccf77b8517f3ab748d64cc') in 0.012206 seconds
  Import took 0.014437 seconds .

========================================================================
Received Import Request.
  Time since last request: 0.000119 seconds.
  path: Assets/TextMesh Pro/Examples & Extras/Resources/Fonts & Materials/Bangers SDF Glow.mat
  artifactKey: Guid(d75b8f41e959450c84ac6e967084d3e1) Importer(815301076,1909f56bfc062723c751e8b465ee728b)
Start importing Assets/TextMesh Pro/Examples & Extras/Resources/Fonts & Materials/Bangers SDF Glow.mat using Guid(d75b8f41e959450c84ac6e967084d3e1) Importer(815301076,1909f56bfc062723c751e8b465ee728b)  -> (artifact id: '4d8ec6c9eeb0c2122c9252daba2e5337') in 0.020088 seconds
  Import took 0.023057 seconds .

========================================================================
Received Import Request.
  Time since last request: 0.000122 seconds.
  path: Assets/TextMesh Pro/Examples & Extras/Resources/Fonts & Materials/Anton SDF - Outline.mat
  artifactKey: Guid(a00013af81304728b2be1f4309ee2433) Importer(815301076,1909f56bfc062723c751e8b465ee728b)
Start importing Assets/TextMesh Pro/Examples & Extras/Resources/Fonts & Materials/Anton SDF - Outline.mat using Guid(a00013af81304728b2be1f4309ee2433) Importer(815301076,1909f56bfc062723c751e8b465ee728b)  -> (artifact id: '70d8c31fb36859086292d065e71914a5') in 0.012801 seconds
  Import took 0.016018 seconds .

========================================================================
Received Import Request.
  Time since last request: 0.000116 seconds.
  path: Assets/TextMesh Pro/Examples & Extras/Resources/Fonts & Materials/Bangers SDF Logo.mat
  artifactKey: Guid(f4e195ac1e204eff960149d1cb34e18c) Importer(815301076,1909f56bfc062723c751e8b465ee728b)
Start importing Assets/TextMesh Pro/Examples & Extras/Resources/Fonts & Materials/Bangers SDF Logo.mat using Guid(f4e195ac1e204eff960149d1cb34e18c) Importer(815301076,1909f56bfc062723c751e8b465ee728b)  -> (artifact id: '00ad2ac78c26a922dd26f53b1fadb5c8') in 0.238645 seconds
  Import took 0.241695 seconds .

========================================================================
Received Import Request.
  Time since last request: 0.000145 seconds.
  path: Assets/Materials/Button Material.mat
  artifactKey: Guid(bee5d7a16a65bc94b9f454f7c95725b7) Importer(815301076,1909f56bfc062723c751e8b465ee728b)
Start importing Assets/Materials/Button Material.mat using Guid(bee5d7a16a65bc94b9f454f7c95725b7) Importer(815301076,1909f56bfc062723c751e8b465ee728b)  -> (artifact id: '5ad586690261fd5afc112bf255ffec87') in 0.024073 seconds
  Import took 0.026788 seconds .

========================================================================
Received Import Request.
  Time since last request: 0.876256 seconds.
  path: Assets/TextMesh Pro/Examples & Extras/Materials/Ground - Logo Scene.mat
  artifactKey: Guid(c719e38f25a9480abd2480ab621a2949) Importer(815301076,1909f56bfc062723c751e8b465ee728b)
Start importing Assets/TextMesh Pro/Examples & Extras/Materials/Ground - Logo Scene.mat using Guid(c719e38f25a9480abd2480ab621a2949) Importer(815301076,1909f56bfc062723c751e8b465ee728b)  -> (artifact id: 'd6cedef2674cb55c0793b95aacd394e7') in 0.183469 seconds
  Import took 0.186029 seconds .

========================================================================
Received Import Request.
  Time since last request: 0.000195 seconds.
  path: Assets/TextMesh Pro/Resources/Fonts & Materials/LiberationSans SDF - Outline.mat
  artifactKey: Guid(79459efec17a4d00a321bdcc27bbc385) Importer(815301076,1909f56bfc062723c751e8b465ee728b)
Start importing Assets/TextMesh Pro/Resources/Fonts & Materials/LiberationSans SDF - Outline.mat using Guid(79459efec17a4d00a321bdcc27bbc385) Importer(815301076,1909f56bfc062723c751e8b465ee728b)  -> (artifact id: 'd3fab46590720cf0e01a1b092d534d42') in 0.036344 seconds
  Import took 0.039289 seconds .

========================================================================
Received Import Request.
  Time since last request: 0.000140 seconds.
  path: Assets/TextMesh Pro/Examples & Extras/Resources/Fonts & Materials/LiberationSans SDF - Overlay.mat
  artifactKey: Guid(9ad269c99dcf42b7aedefd83dd5a7b9d) Importer(815301076,1909f56bfc062723c751e8b465ee728b)
Start importing Assets/TextMesh Pro/Examples & Extras/Resources/Fonts & Materials/LiberationSans SDF - Overlay.mat using Guid(9ad269c99dcf42b7aedefd83dd5a7b9d) Importer(815301076,1909f56bfc062723c751e8b465ee728b)  -> (artifact id: 'c699456bcbff1b7ea86f143dbf0bf96b') in 0.028230 seconds
  Import took 0.031195 seconds .

========================================================================
Received Import Request.
  Time since last request: 0.000137 seconds.
  path: Assets/TextMesh Pro/Resources/Fonts & Materials/LiberationSans SDF - Fallback.asset
  artifactKey: Guid(2e498d1c8094910479dc3e1b768306a4) Importer(815301076,1909f56bfc062723c751e8b465ee728b)
Start importing Assets/TextMesh Pro/Resources/Fonts & Materials/LiberationSans SDF - Fallback.asset using Guid(2e498d1c8094910479dc3e1b768306a4) Importer(815301076,1909f56bfc062723c751e8b465ee728b)  -> (artifact id: '481e7ddd26f311ec069a031a890751a8') in 0.011565 seconds
  Import took 0.014036 seconds .

========================================================================
Received Import Request.
  Time since last request: 0.000176 seconds.
  path: Assets/TextMesh Pro/Resources/Fonts & Materials/LiberationSans SDF - Drop Shadow.mat
  artifactKey: Guid(e73a58f6e2794ae7b1b7e50b7fb811b0) Importer(815301076,1909f56bfc062723c751e8b465ee728b)
Start importing Assets/TextMesh Pro/Resources/Fonts & Materials/LiberationSans SDF - Drop Shadow.mat using Guid(e73a58f6e2794ae7b1b7e50b7fb811b0) Importer(815301076,1909f56bfc062723c751e8b465ee728b)  -> (artifact id: 'e54454451e57270fef382a2a9390f6f2') in 0.027363 seconds
  Import took 0.030176 seconds .

========================================================================
Received Import Request.
  Time since last request: 0.000136 seconds.
  path: Assets/TextMesh Pro/Examples & Extras/Resources/Fonts & Materials/Roboto-Bold SDF - Drop Shadow.mat
  artifactKey: Guid(b246c4190f4e46ec9352fe15a7b09ce0) Importer(815301076,1909f56bfc062723c751e8b465ee728b)
Start importing Assets/TextMesh Pro/Examples & Extras/Resources/Fonts & Materials/Roboto-Bold SDF - Drop Shadow.mat using Guid(b246c4190f4e46ec9352fe15a7b09ce0) Importer(815301076,1909f56bfc062723c751e8b465ee728b)  -> (artifact id: 'f39b728bd7c377807cd1b391a112259d') in 0.019598 seconds
  Import took 0.022124 seconds .

========================================================================
Received Import Request.
  Time since last request: 0.000116 seconds.
  path: Assets/TextMesh Pro/Examples & Extras/Materials/Ground - Surface Shader Scene.mat
  artifactKey: Guid(aadd5a709a48466c887296bb5b1b8110) Importer(815301076,1909f56bfc062723c751e8b465ee728b)
Start importing Assets/TextMesh Pro/Examples & Extras/Materials/Ground - Surface Shader Scene.mat using Guid(aadd5a709a48466c887296bb5b1b8110) Importer(815301076,1909f56bfc062723c751e8b465ee728b)  -> (artifact id: '4459240a4ff537cd25c2f485f4580163') in 0.094689 seconds
  Import took 0.097659 seconds .

========================================================================
Received Import Request.
  Time since last request: 0.000213 seconds.
  path: Assets/TextMesh Pro/Resources/Fonts & Materials/LiberationSans SDF.asset
  artifactKey: Guid(8f586378b4e144a9851e7b34d9b748ee) Importer(815301076,1909f56bfc062723c751e8b465ee728b)
Start importing Assets/TextMesh Pro/Resources/Fonts & Materials/LiberationSans SDF.asset using Guid(8f586378b4e144a9851e7b34d9b748ee) Importer(815301076,1909f56bfc062723c751e8b465ee728b)  -> (artifact id: '62acc49c6fc62ff5ce2229f33e8a56de') in 0.030977 seconds
  Import took 0.033646 seconds .

========================================================================
Received Import Request.
  Time since last request: 0.000119 seconds.
  path: Assets/TextMesh Pro/Examples & Extras/Resources/Fonts & Materials/Oswald Bold SDF.asset
  artifactKey: Guid(0161d805a3764c089bef00bfe00793f5) Importer(815301076,1909f56bfc062723c751e8b465ee728b)
Start importing Assets/TextMesh Pro/Examples & Extras/Resources/Fonts & Materials/Oswald Bold SDF.asset using Guid(0161d805a3764c089bef00bfe00793f5) Importer(815301076,1909f56bfc062723c751e8b465ee728b)  -> (artifact id: 'c38625c98e109dea6b4a519983512b5b') in 0.014411 seconds
  Import took 0.017356 seconds .

========================================================================
Received Import Request.
  Time since last request: 0.000108 seconds.
  path: Assets/TextMesh Pro/Examples & Extras/Resources/Fonts & Materials/LiberationSans SDF - Metalic Green.mat
  artifactKey: Guid(8b29aaa3eec7468097ff07adfcf29ac9) Importer(815301076,1909f56bfc062723c751e8b465ee728b)
Start importing Assets/TextMesh Pro/Examples & Extras/Resources/Fonts & Materials/LiberationSans SDF - Metalic Green.mat using Guid(8b29aaa3eec7468097ff07adfcf29ac9) Importer(815301076,1909f56bfc062723c751e8b465ee728b)  -> (artifact id: 'ef8322e37a0e766e1baabd78fffb5cd1') in 0.035109 seconds
  Import took 0.038164 seconds .

========================================================================
Received Import Request.
  Time since last request: 0.000139 seconds.
  path: Assets/TextMesh Pro/Examples & Extras/Resources/Fonts & Materials/LiberationSans SDF - Soft Mask.mat
  artifactKey: Guid(42df1c7856584b6b8db9a509b6b10074) Importer(815301076,1909f56bfc062723c751e8b465ee728b)
Start importing Assets/TextMesh Pro/Examples & Extras/Resources/Fonts & Materials/LiberationSans SDF - Soft Mask.mat using Guid(42df1c7856584b6b8db9a509b6b10074) Importer(815301076,1909f56bfc062723c751e8b465ee728b)  -> (artifact id: 'dc805b4f36611be43a7af79b80485d5c') in 0.033078 seconds
  Import took 0.035692 seconds .

========================================================================
Received Import Request.
  Time since last request: 0.628524 seconds.
  path: Assets/TextMesh Pro/Examples & Extras/Resources/Fonts & Materials/Roboto-Bold SDF - Surface.mat
  artifactKey: Guid(e6b276ec991f467aa14ef1f3cc665993) Importer(815301076,1909f56bfc062723c751e8b465ee728b)
Start importing Assets/TextMesh Pro/Examples & Extras/Resources/Fonts & Materials/Roboto-Bold SDF - Surface.mat using Guid(e6b276ec991f467aa14ef1f3cc665993) Importer(815301076,1909f56bfc062723c751e8b465ee728b)  -> (artifact id: '05139e373fc0909ac5b9c2fbd928bafc') in 0.099393 seconds
  Import took 0.102378 seconds .

========================================================================
Received Import Request.
  Time since last request: 0.000210 seconds.
  path: Assets/TextMesh Pro/Examples & Extras/Resources/Fonts & Materials/Roboto-Bold SDF.asset
  artifactKey: Guid(5302535af1044152a457ed104f1f4b91) Importer(815301076,1909f56bfc062723c751e8b465ee728b)
Start importing Assets/TextMesh Pro/Examples & Extras/Resources/Fonts & Materials/Roboto-Bold SDF.asset using Guid(5302535af1044152a457ed104f1f4b91) Importer(815301076,1909f56bfc062723c751e8b465ee728b)  -> (artifact id: '3823d943a6d97dc672057089a9573a58') in 0.015406 seconds
  Import took 0.018399 seconds .

========================================================================
Received Import Request.
  Time since last request: 0.000120 seconds.
  path: Assets/TextMesh Pro/Examples & Extras/Materials/Small Crate_diffuse.mat
  artifactKey: Guid(22262639920f43d6be32430e4e58350d) Importer(815301076,1909f56bfc062723c751e8b465ee728b)
Start importing Assets/TextMesh Pro/Examples & Extras/Materials/Small Crate_diffuse.mat using Guid(22262639920f43d6be32430e4e58350d) Importer(815301076,1909f56bfc062723c751e8b465ee728b)  -> (artifact id: 'ba0277d744a36535b2d9226239b36ad7') in 0.094817 seconds
  Import took 0.097850 seconds .

========================================================================
Received Import Request.
  Time since last request: 60.259864 seconds.
  path: ProjectSettings/TagManager.asset
  artifactKey: Guid(00000000000000003000000000000000) Importer(815301076,1909f56bfc062723c751e8b465ee728b)
Start importing ProjectSettings/TagManager.asset using Guid(00000000000000003000000000000000) Importer(815301076,1909f56bfc062723c751e8b465ee728b)  -> (artifact id: '48bee843c698d9ab3dae6dfd10a6554a') in 0.004646 seconds
  Import took 0.006929 seconds .

========================================================================
Received Import Request.
  Time since last request: 0.002022 seconds.
  path: ProjectSettings/TagManager.asset
  artifactKey: Guid(00000000000000003000000000000000) Importer(815301076,1909f56bfc062723c751e8b465ee728b)
Start importing ProjectSettings/TagManager.asset using Guid(00000000000000003000000000000000) Importer(815301076,1909f56bfc062723c751e8b465ee728b)  -> (artifact id: '48bee843c698d9ab3dae6dfd10a6554a') in 0.001696 seconds
  Import took 0.004003 seconds .

========================================================================
Received Prepare
Registering precompiled user dll's ...
Registered in 0.000510 seconds.
Begin MonoManager ReloadAssembly
Native extension for WindowsStandalone target not found
Native extension for WebGL target not found
Refreshing native plugins compatible for Editor in 0.30 ms, found 1 plugins.
Preloading 0 native plugins for Editor in 0.00 ms.
Invoked RoslynAnalysisRunner static constructor.
RoslynAnalysisRunner will not be running.
RoslynAnalysisRunner has terminated.
Mono: successfully reloaded assembly
- Completed reload, in  0.625 seconds
Platform modules already initialized, skipping
Refreshing native plugins compatible for Editor in 0.29 ms, found 1 plugins.
Preloading 0 native plugins for Editor in 0.00 ms.
Unloading 1844 Unused Serialized files (Serialized files now loaded: 0)
System memory in use before: 103.3 MB.
System memory in use after: 103.3 MB.

Unloading 14 unused Assets to reduce memory usage. Loaded Objects now: 2471.
Total: 1.651300 ms (FindLiveObjects: 0.169100 ms CreateObjectMapping: 0.074700 ms MarkObjects: 1.322200 ms  DeleteObjects: 0.084500 ms)

========================================================================
Received Import Request.
  Time since last request: 177.838765 seconds.
  path: Assets/Scripts/StarDisplay.cs
  artifactKey: Guid(050ac1f3d92fdb14894e313647d00c98) Importer(815301076,1909f56bfc062723c751e8b465ee728b)
Start importing Assets/Scripts/StarDisplay.cs using Guid(050ac1f3d92fdb14894e313647d00c98) Importer(815301076,1909f56bfc062723c751e8b465ee728b)  -> (artifact id: '8ce64d1389fd6a963288b024302109c5') in 0.006318 seconds
  Import took 0.012182 seconds .

========================================================================
Received Import Request.
  Time since last request: 0.002823 seconds.
  path: Assets/Scripts/StarDisplay.cs
  artifactKey: Guid(050ac1f3d92fdb14894e313647d00c98) Importer(815301076,1909f56bfc062723c751e8b465ee728b)
Start importing Assets/Scripts/StarDisplay.cs using Guid(050ac1f3d92fdb14894e313647d00c98) Importer(815301076,1909f56bfc062723c751e8b465ee728b)  -> (artifact id: '8ce64d1389fd6a963288b024302109c5') in 0.001476 seconds
  Import took 0.003812 seconds .

========================================================================
Received Prepare
Registering precompiled user dll's ...
Registered in 0.000537 seconds.
Begin MonoManager ReloadAssembly
Native extension for WindowsStandalone target not found
Native extension for WebGL target not found
Refreshing native plugins compatible for Editor in 0.32 ms, found 1 plugins.
Preloading 0 native plugins for Editor in 0.00 ms.
Invoked RoslynAnalysisRunner static constructor.
RoslynAnalysisRunner will not be running.
RoslynAnalysisRunner has terminated.
Mono: successfully reloaded assembly
- Completed reload, in  0.634 seconds
Platform modules already initialized, skipping
Refreshing native plugins compatible for Editor in 0.30 ms, found 1 plugins.
Preloading 0 native plugins for Editor in 0.00 ms.
Unloading 1845 Unused Serialized files (Serialized files now loaded: 0)
System memory in use before: 103.3 MB.
System memory in use after: 103.3 MB.

Unloading 12 unused Assets to reduce memory usage. Loaded Objects now: 2476.
Total: 1.746000 ms (FindLiveObjects: 0.173700 ms CreateObjectMapping: 0.067000 ms MarkObjects: 1.414300 ms  DeleteObjects: 0.090400 ms)

========================================================================
Received Prepare
Registering precompiled user dll's ...
Registered in 0.000569 seconds.
Begin MonoManager ReloadAssembly
Native extension for WindowsStandalone target not found
Native extension for WebGL target not found
Refreshing native plugins compatible for Editor in 0.29 ms, found 1 plugins.
Preloading 0 native plugins for Editor in 0.00 ms.
Invoked RoslynAnalysisRunner static constructor.
RoslynAnalysisRunner will not be running.
RoslynAnalysisRunner has terminated.
Mono: successfully reloaded assembly
- Completed reload, in  0.621 seconds
Platform modules already initialized, skipping
Refreshing native plugins compatible for Editor in 0.30 ms, found 1 plugins.
Preloading 0 native plugins for Editor in 0.00 ms.
Unloading 1845 Unused Serialized files (Serialized files now loaded: 0)
System memory in use before: 103.3 MB.
System memory in use after: 103.3 MB.

Unloading 12 unused Assets to reduce memory usage. Loaded Objects now: 2480.
Total: 1.510500 ms (FindLiveObjects: 0.166200 ms CreateObjectMapping: 0.059800 ms MarkObjects: 1.201500 ms  DeleteObjects: 0.081800 ms)

========================================================================
Received Import Request.
  Time since last request: 429.807384 seconds.
  path: Assets/Scripts/StarDisplay.cs
  artifactKey: Guid(050ac1f3d92fdb14894e313647d00c98) Importer(815301076,1909f56bfc062723c751e8b465ee728b)
Start importing Assets/Scripts/StarDisplay.cs using Guid(050ac1f3d92fdb14894e313647d00c98) Importer(815301076,1909f56bfc062723c751e8b465ee728b)  -> (artifact id: '2bd830185dfeac96a91af684c0ec5d01') in 0.003210 seconds
  Import took 0.009315 seconds .

========================================================================
Received Import Request.
  Time since last request: 0.004942 seconds.
  path: Assets/Scripts/StarDisplay.cs
  artifactKey: Guid(050ac1f3d92fdb14894e313647d00c98) Importer(815301076,1909f56bfc062723c751e8b465ee728b)
Start importing Assets/Scripts/StarDisplay.cs using Guid(050ac1f3d92fdb14894e313647d00c98) Importer(815301076,1909f56bfc062723c751e8b465ee728b)  -> (artifact id: '2bd830185dfeac96a91af684c0ec5d01') in 0.001599 seconds
  Import took 0.003874 seconds .

========================================================================
Received Prepare
Registering precompiled user dll's ...
Registered in 0.000583 seconds.
Begin MonoManager ReloadAssembly
Native extension for WindowsStandalone target not found
Native extension for WebGL target not found
Refreshing native plugins compatible for Editor in 0.30 ms, found 1 plugins.
Preloading 0 native plugins for Editor in 0.00 ms.
Invoked RoslynAnalysisRunner static constructor.
RoslynAnalysisRunner will not be running.
RoslynAnalysisRunner has terminated.
Mono: successfully reloaded assembly
- Completed reload, in  0.620 seconds
Platform modules already initialized, skipping
Refreshing native plugins compatible for Editor in 0.30 ms, found 1 plugins.
Preloading 0 native plugins for Editor in 0.00 ms.
Unloading 1845 Unused Serialized files (Serialized files now loaded: 0)
System memory in use before: 103.3 MB.
System memory in use after: 103.3 MB.

Unloading 12 unused Assets to reduce memory usage. Loaded Objects now: 2484.
Total: 1.653500 ms (FindLiveObjects: 0.171600 ms CreateObjectMapping: 0.068300 ms MarkObjects: 1.293400 ms  DeleteObjects: 0.119300 ms)

========================================================================
Received Import Request.
  Time since last request: 287.606793 seconds.
  path: Assets/Scripts/StarDisplay.cs
  artifactKey: Guid(050ac1f3d92fdb14894e313647d00c98) Importer(815301076,1909f56bfc062723c751e8b465ee728b)
Start importing Assets/Scripts/StarDisplay.cs using Guid(050ac1f3d92fdb14894e313647d00c98) Importer(815301076,1909f56bfc062723c751e8b465ee728b)  -> (artifact id: '738c6f800f5810519b35c179e2fda149') in 0.003283 seconds
  Import took 0.008893 seconds .

========================================================================
Received Import Request.
  Time since last request: 1547.814082 seconds.
  path: Assets/Animations/Lizard Jump.anim
  artifactKey: Guid(75155f77bbd3af140b80ea06b2adaa6b) Importer(815301076,1909f56bfc062723c751e8b465ee728b)
Start importing Assets/Animations/Lizard Jump.anim using Guid(75155f77bbd3af140b80ea06b2adaa6b) Importer(815301076,1909f56bfc062723c751e8b465ee728b)  -> (artifact id: 'c5306dfd8cf8667c9663a4a6948cc5ab') in 0.016309 seconds
  Import took 0.019043 seconds .

========================================================================
Received Import Request.
  Time since last request: 0.004095 seconds.
  path: Assets/Animations/Lizard Jump.anim
  artifactKey: Guid(75155f77bbd3af140b80ea06b2adaa6b) Importer(815301076,1909f56bfc062723c751e8b465ee728b)
Start importing Assets/Animations/Lizard Jump.anim using Guid(75155f77bbd3af140b80ea06b2adaa6b) Importer(815301076,1909f56bfc062723c751e8b465ee728b)  -> (artifact id: 'c5306dfd8cf8667c9663a4a6948cc5ab') in 0.001760 seconds
  Import took 0.004106 seconds .

========================================================================
Received Import Request.
  Time since last request: 33.867862 seconds.
  path: Assets/Animations/Lizard.controller
  artifactKey: Guid(0d6c2643c737e99468763d79fe84bfc0) Importer(815301076,1909f56bfc062723c751e8b465ee728b)
Start importing Assets/Animations/Lizard.controller using Guid(0d6c2643c737e99468763d79fe84bfc0) Importer(815301076,1909f56bfc062723c751e8b465ee728b)  -> (artifact id: '6e7fbc4070b5ad38e5a865041ea7b2b7') in 0.005858 seconds
  Import took 0.008703 seconds .

========================================================================
Received Import Request.
  Time since last request: 196.362139 seconds.
  path: Assets/Animations/Lizard Walk.anim
  artifactKey: Guid(170dc6544d4d46c43bf9ad74f96265fc) Importer(815301076,1909f56bfc062723c751e8b465ee728b)
Start importing Assets/Animations/Lizard Walk.anim using Guid(170dc6544d4d46c43bf9ad74f96265fc) Importer(815301076,1909f56bfc062723c751e8b465ee728b)  -> (artifact id: '903808166d36178e7c5acaa4d32718cc') in 0.008257 seconds
  Import took 0.011077 seconds .

========================================================================
Received Import Request.
  Time since last request: 277.021034 seconds.
  path: Assets/Animations/Lizard Walk.anim
  artifactKey: Guid(170dc6544d4d46c43bf9ad74f96265fc) Importer(815301076,1909f56bfc062723c751e8b465ee728b)
Start importing Assets/Animations/Lizard Walk.anim using Guid(170dc6544d4d46c43bf9ad74f96265fc) Importer(815301076,1909f56bfc062723c751e8b465ee728b)  -> (artifact id: '9459c1fa84f06b90bb4a80a18dfc7fed') in 0.001863 seconds
  Import took 0.008050 seconds .

========================================================================
Received Import Request.
  Time since last request: 0.000420 seconds.
  path: Assets/Animations/Lizard Walk.anim
  artifactKey: Guid(170dc6544d4d46c43bf9ad74f96265fc) Importer(815301076,1909f56bfc062723c751e8b465ee728b)
Start importing Assets/Animations/Lizard Walk.anim using Guid(170dc6544d4d46c43bf9ad74f96265fc) Importer(815301076,1909f56bfc062723c751e8b465ee728b)  -> (artifact id: '9459c1fa84f06b90bb4a80a18dfc7fed') in 0.001556 seconds
  Import took 0.003786 seconds .

========================================================================
Received Import Request.
  Time since last request: 6.603271 seconds.
  path: Assets/Animations/Lizard Jump.anim
  artifactKey: Guid(75155f77bbd3af140b80ea06b2adaa6b) Importer(815301076,1909f56bfc062723c751e8b465ee728b)
Start importing Assets/Animations/Lizard Jump.anim using Guid(75155f77bbd3af140b80ea06b2adaa6b) Importer(815301076,1909f56bfc062723c751e8b465ee728b)  -> (artifact id: '43632d72f4c6def9c1984905158582b3') in 0.001740 seconds
  Import took 0.007225 seconds .

========================================================================
Received Import Request.
  Time since last request: 0.001006 seconds.
  path: Assets/Animations/Lizard Jump.anim
  artifactKey: Guid(75155f77bbd3af140b80ea06b2adaa6b) Importer(815301076,1909f56bfc062723c751e8b465ee728b)
Start importing Assets/Animations/Lizard Jump.anim using Guid(75155f77bbd3af140b80ea06b2adaa6b) Importer(815301076,1909f56bfc062723c751e8b465ee728b)  -> (artifact id: '43632d72f4c6def9c1984905158582b3') in 0.001501 seconds
  Import took 0.003761 seconds .

========================================================================
Received Prepare
Registering precompiled user dll's ...
Registered in 0.000545 seconds.
Begin MonoManager ReloadAssembly
Native extension for WindowsStandalone target not found
Native extension for WebGL target not found
Refreshing native plugins compatible for Editor in 0.30 ms, found 1 plugins.
Preloading 0 native plugins for Editor in 0.00 ms.
Invoked RoslynAnalysisRunner static constructor.
RoslynAnalysisRunner will not be running.
RoslynAnalysisRunner has terminated.
Mono: successfully reloaded assembly
- Completed reload, in  0.620 seconds
Platform modules already initialized, skipping
Refreshing native plugins compatible for Editor in 0.30 ms, found 1 plugins.
Preloading 0 native plugins for Editor in 0.00 ms.
Unloading 1845 Unused Serialized files (Serialized files now loaded: 0)
System memory in use before: 103.4 MB.
System memory in use after: 103.3 MB.

Unloading 12 unused Assets to reduce memory usage. Loaded Objects now: 2488.
Total: 1.797900 ms (FindLiveObjects: 0.173700 ms CreateObjectMapping: 0.087000 ms MarkObjects: 1.443900 ms  DeleteObjects: 0.092600 ms)

========================================================================
Received Prepare
Registering precompiled user dll's ...
Registered in 0.000495 seconds.
Begin MonoManager ReloadAssembly
Native extension for WindowsStandalone target not found
Native extension for WebGL target not found
Refreshing native plugins compatible for Editor in 0.29 ms, found 1 plugins.
Preloading 0 native plugins for Editor in 0.00 ms.
Invoked RoslynAnalysisRunner static constructor.
RoslynAnalysisRunner will not be running.
RoslynAnalysisRunner has terminated.
Mono: successfully reloaded assembly
- Completed reload, in  0.629 seconds
Platform modules already initialized, skipping
Refreshing native plugins compatible for Editor in 0.30 ms, found 1 plugins.
Preloading 0 native plugins for Editor in 0.00 ms.
Unloading 1845 Unused Serialized files (Serialized files now loaded: 0)
System memory in use before: 103.4 MB.
System memory in use after: 103.4 MB.

Unloading 12 unused Assets to reduce memory usage. Loaded Objects now: 2492.
Total: 1.819000 ms (FindLiveObjects: 0.186300 ms CreateObjectMapping: 0.066600 ms MarkObjects: 1.425500 ms  DeleteObjects: 0.139900 ms)

========================================================================
Received Prepare
Registering precompiled user dll's ...
Registered in 0.000541 seconds.
Begin MonoManager ReloadAssembly
Native extension for WindowsStandalone target not found
Native extension for WebGL target not found
Refreshing native plugins compatible for Editor in 0.30 ms, found 1 plugins.
Preloading 0 native plugins for Editor in 0.00 ms.
Invoked RoslynAnalysisRunner static constructor.
RoslynAnalysisRunner will not be running.
RoslynAnalysisRunner has terminated.
Mono: successfully reloaded assembly
- Completed reload, in  0.621 seconds
Platform modules already initialized, skipping
Refreshing native plugins compatible for Editor in 0.30 ms, found 1 plugins.
Preloading 0 native plugins for Editor in 0.00 ms.
Unloading 1845 Unused Serialized files (Serialized files now loaded: 0)
System memory in use before: 103.4 MB.
System memory in use after: 103.4 MB.

Unloading 12 unused Assets to reduce memory usage. Loaded Objects now: 2496.
Total: 1.582000 ms (FindLiveObjects: 0.170700 ms CreateObjectMapping: 0.068500 ms MarkObjects: 1.260500 ms  DeleteObjects: 0.081500 ms)

========================================================================
Received Import Request.
  Time since last request: 1146.309463 seconds.
  path: Assets/Animations/Cactus Atack.anim
  artifactKey: Guid(1ecf8903dd090ef48a3821a0bd896c4f) Importer(815301076,1909f56bfc062723c751e8b465ee728b)
Start importing Assets/Animations/Cactus Atack.anim using Guid(1ecf8903dd090ef48a3821a0bd896c4f) Importer(815301076,1909f56bfc062723c751e8b465ee728b)  -> (artifact id: '8d63a3feef83afe7f6370feea49ef419') in 0.018778 seconds
  Import took 0.021353 seconds .

========================================================================
Received Import Request.
  Time since last request: 25.360403 seconds.
  path: Assets/Animations/Cactus.controller
  artifactKey: Guid(a08a85abb91459846a3f43c16d6245a7) Importer(815301076,1909f56bfc062723c751e8b465ee728b)
Start importing Assets/Animations/Cactus.controller using Guid(a08a85abb91459846a3f43c16d6245a7) Importer(815301076,1909f56bfc062723c751e8b465ee728b)  -> (artifact id: 'ada7bd7511b4f99a63ffa491137fae21') in 0.005018 seconds
  Import took 0.007332 seconds .

========================================================================
Received Import Request.
  Time since last request: 731.246328 seconds.
  path: Assets/Animations/Cactus Attack.anim
  artifactKey: Guid(d52082c9a071ea6459b8d07ad7d42a08) Importer(815301076,1909f56bfc062723c751e8b465ee728b)
Start importing Assets/Animations/Cactus Attack.anim using Guid(d52082c9a071ea6459b8d07ad7d42a08) Importer(815301076,1909f56bfc062723c751e8b465ee728b)  -> (artifact id: '3649ef802f0454ef76b5a2c65b53f165') in 0.004735 seconds
  Import took 0.010727 seconds .

========================================================================
Received Import Request.
  Time since last request: 0.008850 seconds.
  path: Assets/Animations/Cactus Attack.anim
  artifactKey: Guid(d52082c9a071ea6459b8d07ad7d42a08) Importer(815301076,1909f56bfc062723c751e8b465ee728b)
Start importing Assets/Animations/Cactus Attack.anim using Guid(d52082c9a071ea6459b8d07ad7d42a08) Importer(815301076,1909f56bfc062723c751e8b465ee728b)  -> (artifact id: '3649ef802f0454ef76b5a2c65b53f165') in 0.001789 seconds
  Import took 0.004306 seconds .

========================================================================
Received Prepare
Registering precompiled user dll's ...
Registered in 0.000521 seconds.
Begin MonoManager ReloadAssembly
Native extension for WindowsStandalone target not found
Native extension for WebGL target not found
Refreshing native plugins compatible for Editor in 0.29 ms, found 1 plugins.
Preloading 0 native plugins for Editor in 0.00 ms.
Invoked RoslynAnalysisRunner static constructor.
RoslynAnalysisRunner will not be running.
RoslynAnalysisRunner has terminated.
Mono: successfully reloaded assembly
- Completed reload, in  0.625 seconds
Platform modules already initialized, skipping
Refreshing native plugins compatible for Editor in 0.30 ms, found 1 plugins.
Preloading 0 native plugins for Editor in 0.00 ms.
Unloading 1845 Unused Serialized files (Serialized files now loaded: 0)
System memory in use before: 103.4 MB.
System memory in use after: 103.4 MB.

Unloading 12 unused Assets to reduce memory usage. Loaded Objects now: 2500.
Total: 1.806700 ms (FindLiveObjects: 0.163900 ms CreateObjectMapping: 0.073000 ms MarkObjects: 1.478700 ms  DeleteObjects: 0.090500 ms)

========================================================================
Received Prepare
Registering precompiled user dll's ...
Registered in 0.000582 seconds.
Begin MonoManager ReloadAssembly
Native extension for WindowsStandalone target not found
Native extension for WebGL target not found
Refreshing native plugins compatible for Editor in 0.30 ms, found 1 plugins.
Preloading 0 native plugins for Editor in 0.00 ms.
Invoked RoslynAnalysisRunner static constructor.
RoslynAnalysisRunner will not be running.
RoslynAnalysisRunner has terminated.
Mono: successfully reloaded assembly
- Completed reload, in  0.616 seconds
Platform modules already initialized, skipping
Refreshing native plugins compatible for Editor in 0.30 ms, found 1 plugins.
Preloading 0 native plugins for Editor in 0.00 ms.
Unloading 1845 Unused Serialized files (Serialized files now loaded: 0)
System memory in use before: 103.4 MB.
System memory in use after: 103.4 MB.

Unloading 12 unused Assets to reduce memory usage. Loaded Objects now: 2504.
Total: 1.830700 ms (FindLiveObjects: 0.247600 ms CreateObjectMapping: 0.078700 ms MarkObjects: 1.413600 ms  DeleteObjects: 0.090100 ms)

========================================================================
Received Import Request.
  Time since last request: 220.766893 seconds.
  path: Assets/Prefab/Trophy.prefab
  artifactKey: Guid(172a3923d42d9e0409d49f010cea2684) Importer(815301076,1909f56bfc062723c751e8b465ee728b)
Start importing Assets/Prefab/Trophy.prefab using Guid(172a3923d42d9e0409d49f010cea2684) Importer(815301076,1909f56bfc062723c751e8b465ee728b)  -> (artifact id: '22b5b6e848bc81cdeb2a666f8776e21d') in 0.058236 seconds
  Import took 0.060800 seconds .

========================================================================
Received Import Request.
  Time since last request: 8.087537 seconds.
  path: Assets/Animations/Trophy Bounce.anim
  artifactKey: Guid(fb71983a89c545d4dae9fa6707aa5312) Importer(815301076,1909f56bfc062723c751e8b465ee728b)
Start importing Assets/Animations/Trophy Bounce.anim using Guid(fb71983a89c545d4dae9fa6707aa5312) Importer(815301076,1909f56bfc062723c751e8b465ee728b)  -> (artifact id: '9f1c02d24326f0f11219d0f12ccf4912') in 0.004602 seconds
  Import took 0.010569 seconds .

========================================================================
Received Prepare
Registering precompiled user dll's ...
Registered in 0.000532 seconds.
Begin MonoManager ReloadAssembly
Native extension for WindowsStandalone target not found
Native extension for WebGL target not found
Refreshing native plugins compatible for Editor in 0.30 ms, found 1 plugins.
Preloading 0 native plugins for Editor in 0.00 ms.
Invoked RoslynAnalysisRunner static constructor.
RoslynAnalysisRunner will not be running.
RoslynAnalysisRunner has terminated.
Mono: successfully reloaded assembly
- Completed reload, in  0.627 seconds
Platform modules already initialized, skipping
Refreshing native plugins compatible for Editor in 0.31 ms, found 1 plugins.
Preloading 0 native plugins for Editor in 0.00 ms.
Unloading 1845 Unused Serialized files (Serialized files now loaded: 0)
System memory in use before: 103.4 MB.
System memory in use after: 103.4 MB.

Unloading 12 unused Assets to reduce memory usage. Loaded Objects now: 2509.
Total: 1.601800 ms (FindLiveObjects: 0.183200 ms CreateObjectMapping: 0.055600 ms MarkObjects: 1.246400 ms  DeleteObjects: 0.115900 ms)

========================================================================
Received Prepare
Registering precompiled user dll's ...
Registered in 0.000486 seconds.
Begin MonoManager ReloadAssembly
Native extension for WindowsStandalone target not found
Native extension for WebGL target not found
Refreshing native plugins compatible for Editor in 0.29 ms, found 1 plugins.
Preloading 0 native plugins for Editor in 0.00 ms.
Invoked RoslynAnalysisRunner static constructor.
RoslynAnalysisRunner will not be running.
RoslynAnalysisRunner has terminated.
Mono: successfully reloaded assembly
- Completed reload, in  0.601 seconds
Platform modules already initialized, skipping
Refreshing native plugins compatible for Editor in 0.30 ms, found 1 plugins.
Preloading 0 native plugins for Editor in 0.00 ms.
Unloading 1845 Unused Serialized files (Serialized files now loaded: 0)
System memory in use before: 103.4 MB.
System memory in use after: 103.4 MB.

Unloading 12 unused Assets to reduce memory usage. Loaded Objects now: 2513.
Total: 1.875900 ms (FindLiveObjects: 0.241000 ms CreateObjectMapping: 0.081900 ms MarkObjects: 1.424700 ms  DeleteObjects: 0.127600 ms)

========================================================================
Received Prepare
Registering precompiled user dll's ...
Registered in 0.000495 seconds.
Begin MonoManager ReloadAssembly
Native extension for WindowsStandalone target not found
Native extension for WebGL target not found
Refreshing native plugins compatible for Editor in 0.29 ms, found 1 plugins.
Preloading 0 native plugins for Editor in 0.00 ms.
Invoked RoslynAnalysisRunner static constructor.
RoslynAnalysisRunner will not be running.
RoslynAnalysisRunner has terminated.
Mono: successfully reloaded assembly
- Completed reload, in  0.608 seconds
Platform modules already initialized, skipping
Refreshing native plugins compatible for Editor in 0.31 ms, found 1 plugins.
Preloading 0 native plugins for Editor in 0.00 ms.
Unloading 1845 Unused Serialized files (Serialized files now loaded: 0)
System memory in use before: 103.4 MB.
System memory in use after: 103.4 MB.

Unloading 12 unused Assets to reduce memory usage. Loaded Objects now: 2517.
Total: 1.735500 ms (FindLiveObjects: 0.175900 ms CreateObjectMapping: 0.071800 ms MarkObjects: 1.354800 ms  DeleteObjects: 0.132500 ms)

========================================================================
Received Import Request.
  Time since last request: 620.183082 seconds.
  path: Assets/Sprites/star.png
  artifactKey: Guid(c2aeb4a8bd6628d4cac3ca7559fd63f7) Importer(815301076,1909f56bfc062723c751e8b465ee728b)
Start importing Assets/Sprites/star.png using Guid(c2aeb4a8bd6628d4cac3ca7559fd63f7) Importer(815301076,1909f56bfc062723c751e8b465ee728b)  -> (artifact id: '44d156f666fefc1400d68ed3b02b8eb7') in 0.044775 seconds
  Import took 0.047282 seconds .

========================================================================
Received Import Request.
  Time since last request: 9.440164 seconds.
  path: Assets/Sprites/star.png
  artifactKey: Guid(c2aeb4a8bd6628d4cac3ca7559fd63f7) Importer(815301076,1909f56bfc062723c751e8b465ee728b)
Start importing Assets/Sprites/star.png using Guid(c2aeb4a8bd6628d4cac3ca7559fd63f7) Importer(815301076,1909f56bfc062723c751e8b465ee728b)  -> (artifact id: 'd2207036b9a178a9dd72a9e255790c72') in 0.011156 seconds
  Import took 0.013462 seconds .

========================================================================
Received Prepare
Registering precompiled user dll's ...
Registered in 0.000518 seconds.
Begin MonoManager ReloadAssembly
Native extension for WindowsStandalone target not found
Native extension for WebGL target not found
Refreshing native plugins compatible for Editor in 0.30 ms, found 1 plugins.
Preloading 0 native plugins for Editor in 0.00 ms.
Invoked RoslynAnalysisRunner static constructor.
RoslynAnalysisRunner will not be running.
RoslynAnalysisRunner has terminated.
Mono: successfully reloaded assembly
- Completed reload, in  0.617 seconds
Platform modules already initialized, skipping
Refreshing native plugins compatible for Editor in 0.30 ms, found 1 plugins.
Preloading 0 native plugins for Editor in 0.00 ms.
Unloading 1845 Unused Serialized files (Serialized files now loaded: 0)
System memory in use before: 103.4 MB.
System memory in use after: 103.4 MB.

Unloading 12 unused Assets to reduce memory usage. Loaded Objects now: 2524.
Total: 1.700200 ms (FindLiveObjects: 0.166500 ms CreateObjectMapping: 0.066100 ms MarkObjects: 1.380200 ms  DeleteObjects: 0.086700 ms)

========================================================================
Received Prepare
Registering precompiled user dll's ...
Registered in 0.000513 seconds.
Begin MonoManager ReloadAssembly
Native extension for WindowsStandalone target not found
Native extension for WebGL target not found
Refreshing native plugins compatible for Editor in 0.35 ms, found 1 plugins.
Preloading 0 native plugins for Editor in 0.00 ms.
Invoked RoslynAnalysisRunner static constructor.
RoslynAnalysisRunner will not be running.
RoslynAnalysisRunner has terminated.
Mono: successfully reloaded assembly
- Completed reload, in  0.613 seconds
Platform modules already initialized, skipping
Refreshing native plugins compatible for Editor in 0.30 ms, found 1 plugins.
Preloading 0 native plugins for Editor in 0.00 ms.
Unloading 1845 Unused Serialized files (Serialized files now loaded: 0)
System memory in use before: 103.5 MB.
System memory in use after: 103.5 MB.

Unloading 12 unused Assets to reduce memory usage. Loaded Objects now: 2528.
Total: 1.981000 ms (FindLiveObjects: 0.189600 ms CreateObjectMapping: 0.071900 ms MarkObjects: 1.573700 ms  DeleteObjects: 0.144800 ms)

========================================================================
Received Prepare
Registering precompiled user dll's ...
Registered in 0.000528 seconds.
Begin MonoManager ReloadAssembly
Native extension for WindowsStandalone target not found
Native extension for WebGL target not found
Refreshing native plugins compatible for Editor in 0.29 ms, found 1 plugins.
Preloading 0 native plugins for Editor in 0.00 ms.
Invoked RoslynAnalysisRunner static constructor.
RoslynAnalysisRunner will not be running.
RoslynAnalysisRunner has terminated.
Mono: successfully reloaded assembly
- Completed reload, in  0.615 seconds
Platform modules already initialized, skipping
Refreshing native plugins compatible for Editor in 0.29 ms, found 1 plugins.
Preloading 0 native plugins for Editor in 0.00 ms.
Unloading 1845 Unused Serialized files (Serialized files now loaded: 0)
System memory in use before: 103.5 MB.
System memory in use after: 103.5 MB.

Unloading 12 unused Assets to reduce memory usage. Loaded Objects now: 2532.
Total: 1.540100 ms (FindLiveObjects: 0.184400 ms CreateObjectMapping: 0.065500 ms MarkObjects: 1.206400 ms  DeleteObjects: 0.083100 ms)

========================================================================
Received Prepare
Registering precompiled user dll's ...
Registered in 0.000555 seconds.
Begin MonoManager ReloadAssembly
Native extension for WindowsStandalone target not found
Native extension for WebGL target not found
Refreshing native plugins compatible for Editor in 0.29 ms, found 1 plugins.
Preloading 0 native plugins for Editor in 0.00 ms.
Invoked RoslynAnalysisRunner static constructor.
RoslynAnalysisRunner will not be running.
RoslynAnalysisRunner has terminated.
Mono: successfully reloaded assembly
- Completed reload, in  0.611 seconds
Platform modules already initialized, skipping
Refreshing native plugins compatible for Editor in 0.30 ms, found 1 plugins.
Preloading 0 native plugins for Editor in 0.00 ms.
Unloading 1845 Unused Serialized files (Serialized files now loaded: 0)
System memory in use before: 103.5 MB.
System memory in use after: 103.5 MB.

Unloading 12 unused Assets to reduce memory usage. Loaded Objects now: 2536.
Total: 1.756700 ms (FindLiveObjects: 0.209600 ms CreateObjectMapping: 0.092900 ms MarkObjects: 1.328200 ms  DeleteObjects: 0.125200 ms)

========================================================================
Received Prepare
Registering precompiled user dll's ...
Registered in 0.000530 seconds.
Begin MonoManager ReloadAssembly
Native extension for WindowsStandalone target not found
Native extension for WebGL target not found
Refreshing native plugins compatible for Editor in 0.31 ms, found 1 plugins.
Preloading 0 native plugins for Editor in 0.00 ms.
Invoked RoslynAnalysisRunner static constructor.
RoslynAnalysisRunner will not be running.
RoslynAnalysisRunner has terminated.
Mono: successfully reloaded assembly
- Completed reload, in  0.623 seconds
Platform modules already initialized, skipping
Refreshing native plugins compatible for Editor in 0.29 ms, found 1 plugins.
Preloading 0 native plugins for Editor in 0.00 ms.
Unloading 1845 Unused Serialized files (Serialized files now loaded: 0)
System memory in use before: 103.5 MB.
System memory in use after: 103.5 MB.

Unloading 12 unused Assets to reduce memory usage. Loaded Objects now: 2540.
Total: 1.931500 ms (FindLiveObjects: 0.254200 ms CreateObjectMapping: 0.097000 ms MarkObjects: 1.485900 ms  DeleteObjects: 0.093600 ms)

========================================================================
Received Prepare
Registering precompiled user dll's ...
Registered in 0.000468 seconds.
Begin MonoManager ReloadAssembly
Native extension for WindowsStandalone target not found
Native extension for WebGL target not found
Refreshing native plugins compatible for Editor in 0.29 ms, found 1 plugins.
Preloading 0 native plugins for Editor in 0.00 ms.
Invoked RoslynAnalysisRunner static constructor.
RoslynAnalysisRunner will not be running.
RoslynAnalysisRunner has terminated.
Mono: successfully reloaded assembly
- Completed reload, in  0.598 seconds
Platform modules already initialized, skipping
Refreshing native plugins compatible for Editor in 0.29 ms, found 1 plugins.
Preloading 0 native plugins for Editor in 0.00 ms.
Unloading 1845 Unused Serialized files (Serialized files now loaded: 0)
System memory in use before: 103.5 MB.
System memory in use after: 103.5 MB.

Unloading 12 unused Assets to reduce memory usage. Loaded Objects now: 2544.
Total: 1.520000 ms (FindLiveObjects: 0.151500 ms CreateObjectMapping: 0.060600 ms MarkObjects: 1.223800 ms  DeleteObjects: 0.083300 ms)

========================================================================
Received Prepare
Registering precompiled user dll's ...
Registered in 0.000604 seconds.
Begin MonoManager ReloadAssembly
Native extension for WindowsStandalone target not found
Native extension for WebGL target not found
Refreshing native plugins compatible for Editor in 0.30 ms, found 1 plugins.
Preloading 0 native plugins for Editor in 0.00 ms.
Invoked RoslynAnalysisRunner static constructor.
RoslynAnalysisRunner will not be running.
RoslynAnalysisRunner has terminated.
Mono: successfully reloaded assembly
- Completed reload, in  0.611 seconds
Platform modules already initialized, skipping
Refreshing native plugins compatible for Editor in 0.30 ms, found 1 plugins.
Preloading 0 native plugins for Editor in 0.00 ms.
Unloading 1845 Unused Serialized files (Serialized files now loaded: 0)
System memory in use before: 103.5 MB.
System memory in use after: 103.5 MB.

Unloading 12 unused Assets to reduce memory usage. Loaded Objects now: 2548.
Total: 1.755600 ms (FindLiveObjects: 0.185900 ms CreateObjectMapping: 0.073400 ms MarkObjects: 1.409900 ms  DeleteObjects: 0.085500 ms)

AssetImportWorkerClient::OnTransportError - code=2 error=End of file
